..\Debug\PCLDLL.pdb
E:\712雷达\712相关文件\712应用版源码\712应用版源码\712应用版源码\（v4）PCLDLL\Debug\PCLDLL.exp
E:\712雷达\712相关文件\712应用版源码\712应用版源码\712应用版源码\（v4）PCLDLL\Debug\PCLDLL.lib
E:\712雷达\712相关文件\712应用版源码\712应用版源码\712应用版源码\（v4）PCLDLL\PCLDLL\Debug\cl.command.1.tlog
E:\712雷达\712相关文件\712应用版源码\712应用版源码\712应用版源码\（v4）PCLDLL\PCLDLL\Debug\CL.read.1.tlog
E:\712雷达\712相关文件\712应用版源码\712应用版源码\712应用版源码\（v4）PCLDLL\PCLDLL\Debug\CL.write.1.tlog
E:\712雷达\712相关文件\712应用版源码\712应用版源码\712应用版源码\（V4）PCLDLL\PCLDLL\DEBUG\DLLMAIN.OBJ
E:\712雷达\712相关文件\712应用版源码\712应用版源码\712应用版源码\（v4）PCLDLL\PCLDLL\Debug\link.15544.read.1.tlog
E:\712雷达\712相关文件\712应用版源码\712应用版源码\712应用版源码\（v4）PCLDLL\PCLDLL\Debug\link.15544.write.1.tlog
E:\712雷达\712相关文件\712应用版源码\712应用版源码\712应用版源码\（v4）PCLDLL\PCLDLL\Debug\link.15544-cvtres.read.1.tlog
E:\712雷达\712相关文件\712应用版源码\712应用版源码\712应用版源码\（v4）PCLDLL\PCLDLL\Debug\link.15544-cvtres.write.1.tlog
E:\712雷达\712相关文件\712应用版源码\712应用版源码\712应用版源码\（v4）PCLDLL\PCLDLL\Debug\link.command.1.tlog
E:\712雷达\712相关文件\712应用版源码\712应用版源码\712应用版源码\（v4）PCLDLL\PCLDLL\Debug\link.read.1.tlog
E:\712雷达\712相关文件\712应用版源码\712应用版源码\712应用版源码\（v4）PCLDLL\PCLDLL\Debug\link.write.1.tlog
E:\712雷达\712相关文件\712应用版源码\712应用版源码\712应用版源码\（v4）PCLDLL\PCLDLL\Debug\link-cvtres.read.1.tlog
E:\712雷达\712相关文件\712应用版源码\712应用版源码\712应用版源码\（v4）PCLDLL\PCLDLL\Debug\link-cvtres.write.1.tlog
E:\712雷达\712相关文件\712应用版源码\712应用版源码\712应用版源码\（v4）PCLDLL\PCLDLL\Debug\mt.command.1.tlog
E:\712雷达\712相关文件\712应用版源码\712应用版源码\712应用版源码\（v4）PCLDLL\PCLDLL\Debug\mt.read.1.tlog
E:\712雷达\712相关文件\712应用版源码\712应用版源码\712应用版源码\（v4）PCLDLL\PCLDLL\Debug\mt.write.1.tlog
E:\712雷达\712相关文件\712应用版源码\712应用版源码\712应用版源码\（V4）PCLDLL\PCLDLL\DEBUG\PCLDLL.DLL.EMBED.MANIFEST
E:\712雷达\712相关文件\712应用版源码\712应用版源码\712应用版源码\（V4）PCLDLL\PCLDLL\DEBUG\PCLDLL.DLL.EMBED.MANIFEST.RES
E:\712雷达\712相关文件\712应用版源码\712应用版源码\712应用版源码\（v4）PCLDLL\PCLDLL\Debug\PCLDLL.dll.intermediate.manifest
E:\712雷达\712相关文件\712应用版源码\712应用版源码\712应用版源码\（V4）PCLDLL\PCLDLL\DEBUG\PCLDLL.OBJ
E:\712雷达\712相关文件\712应用版源码\712应用版源码\712应用版源码\（V4）PCLDLL\PCLDLL\DEBUG\PCLDLL.PCH
E:\712雷达\712相关文件\712应用版源码\712应用版源码\712应用版源码\（v4）PCLDLL\PCLDLL\Debug\PCLDLL.vcxprojResolveAssemblyReference.cache
E:\712雷达\712相关文件\712应用版源码\712应用版源码\712应用版源码\（v4）PCLDLL\PCLDLL\Debug\PCLDLL.write.1.tlog
E:\712雷达\712相关文件\712应用版源码\712应用版源码\712应用版源码\（v4）PCLDLL\PCLDLL\Debug\PCLDLL_manifest.rc
E:\712雷达\712相关文件\712应用版源码\712应用版源码\712应用版源码\（v4）PCLDLL\PCLDLL\Debug\rc.command.1.tlog
E:\712雷达\712相关文件\712应用版源码\712应用版源码\712应用版源码\（v4）PCLDLL\PCLDLL\Debug\rc.read.1.tlog
E:\712雷达\712相关文件\712应用版源码\712应用版源码\712应用版源码\（v4）PCLDLL\PCLDLL\Debug\rc.write.1.tlog
E:\712雷达\712相关文件\712应用版源码\712应用版源码\712应用版源码\（V4）PCLDLL\PCLDLL\DEBUG\STDAFX.OBJ
E:\712雷达\712相关文件\712应用版源码\712应用版源码\712应用版源码\（v4）PCLDLL\PCLDLL\Debug\vc100.idb
E:\712雷达\712相关文件\712应用版源码\712应用版源码\712应用版源码\（V4）PCLDLL\PCLDLL\DEBUG\VC100.PDB
