c:\users\0\desktop\应用版0807\（v4）pcldll\pcldll\release\pcldll.pch
c:\users\0\desktop\应用版0807\（v4）pcldll\pcldll\release\stdafx.obj
c:\users\0\desktop\应用版0807\（v4）pcldll\pcldll\release\vc100.pdb
c:\users\0\desktop\应用版0807\（v4）pcldll\pcldll\release\dllmain.obj
c:\users\0\desktop\应用版0807\（v4）pcldll\pcldll\release\pcldll.obj
c:\users\0\desktop\应用版0807\（v8）navigatelaser\navigatelaser\bin\release\pcldll.dll
c:\users\0\desktop\应用版0807\（v4）pcldll\pcldll\release\pcldll.dll.intermediate.manifest
c:\users\0\desktop\应用版0807\（v8）navigatelaser\navigatelaser\bin\release\pcldll.pdb
c:\users\0\desktop\应用版0807\（v8）navigatelaser\navigatelaser\bin\release\pcldll.lib
c:\users\0\desktop\应用版0807\（v8）navigatelaser\navigatelaser\bin\release\pcldll.exp
e:\712导航雷达\712相关文件\712应用版源码\发布2.0\应用版0911\（v4）pcldll\pcldll\release\dllmain.obj
e:\712导航雷达\712相关文件\712应用版源码\发布2.0\应用版0911\（v4）pcldll\pcldll\release\pcldll.obj
e:\712导航雷达\712相关文件\712应用版源码\发布2.0\应用版0911\（v4）pcldll\pcldll\release\stdafx.obj
e:\712导航雷达\712相关文件\712应用版源码\发布2.0\应用版0911\（v4）pcldll\pcldll\release\cl.command.1.tlog
e:\712导航雷达\712相关文件\712应用版源码\发布2.0\应用版0911\（v4）pcldll\pcldll\release\cl.read.1.tlog
e:\712导航雷达\712相关文件\712应用版源码\发布2.0\应用版0911\（v4）pcldll\pcldll\release\cl.write.1.tlog
e:\712导航雷达\712相关文件\712应用版源码\发布2.0\应用版0911\（v4）pcldll\pcldll\release\link.command.1.tlog
e:\712导航雷达\712相关文件\712应用版源码\发布2.0\应用版0911\（v4）pcldll\pcldll\release\link.read.1.tlog
e:\712导航雷达\712相关文件\712应用版源码\发布2.0\应用版0911\（v4）pcldll\pcldll\release\link.write.1.tlog
e:\712导航雷达\712相关文件\712应用版源码\发布2.0\应用版0911\（v4）pcldll\pcldll\release\mt.command.1.tlog
e:\712导航雷达\712相关文件\712应用版源码\发布2.0\应用版0911\（v4）pcldll\pcldll\release\mt.read.1.tlog
e:\712导航雷达\712相关文件\712应用版源码\发布2.0\应用版0911\（v4）pcldll\pcldll\release\mt.write.1.tlog
e:\712导航雷达\712相关文件\712应用版源码\发布2.0\应用版0911\（v4）pcldll\pcldll\release\pcldll.write.1.tlog
e:\712导航雷达\712相关文件\712应用版源码\发布2.0\应用版0911\（v4）pcldll\pcldll\release\pcldll.dll.intermediate.manifest
e:\712导航雷达\712相关文件\712应用版源码\发布2.0\应用版0911\（v4）pcldll\pcldll\release\pcldll.pch
e:\712导航雷达\712相关文件\712应用版源码\发布2.0\应用版0911\（v4）pcldll\pcldll\release\vc100.pdb
e:\712导航雷达\712相关文件\712应用版源码\发布2.0\应用版0911\（v4）pcldll\pcldll\..\..\（v8）navigatelaser\navigatelaser\bin\release\pcldll.dll
